<?xml version="1.0" encoding="UTF-8"?>
<testsuite failures="0" errors="0" skipped="4" tests="4" time="0.044780" name="contract">
<testcase classname="contract" name="Verifying Contracts grid" time="0.018047">
  <skipped/>
  <system-out>
    <![CDATA[]]>
  </system-out>
  <system-err>
    <![CDATA[]]>
  </system-err>
</testcase>
<testcase classname="contract" name="Verifying Contracts grid sorted by dropdown list" time="0.008635">
  <skipped/>
  <system-out>
    <![CDATA[]]>
  </system-out>
  <system-err>
    <![CDATA[]]>
  </system-err>
</testcase>
<testcase classname="contract" name="Verifying Contracts grid search option" time="0.010043">
  <skipped/>
  <system-out>
    <![CDATA[]]>
  </system-out>
  <system-err>
    <![CDATA[]]>
  </system-err>
</testcase>
<testcase classname="contract" name="Check for grid pagination" time="0.008056">
  <skipped/>
  <system-out>
    <![CDATA[]]>
  </system-out>
  <system-err>
    <![CDATA[]]>
  </system-err>
</testcase>
</testsuite>
