<?xml version="1.0" encoding="UTF-8"?>
<!-- Generated by org.testng.reporters.JUnitReportReporter -->
<testsuite hostname="kiruba-VAIO" name="testcase1.NewTest1" tests="4" failures="0" timestamp="14 Jul 2013 09:39:06 GMT" time="14.150" errors="0">
  <testcase name="f" time="3.011" classname="testcase1.NewTest1"/>
  <testcase name="f" time="3.010" classname="testcase1.NewTest1"/>
  <testcase name="f" time="4.931" classname="testcase1.NewTest1"/>
  <testcase name="f" time="3.198" classname="testcase1.NewTest1"/>
</testsuite> <!-- testcase1.NewTest1 -->
