<?xml version="1.0" encoding="UTF-8"?>
<!-- Generated by org.testng.reporters.JUnitReportReporter -->
<testsuite hostname="kiruba-VAIO" name="RedBus.Facebook" tests="2" failures="0" timestamp="5 Sep 2013 20:19:29 GMT" time="18.750" errors="0">
  <testcase name="f" time="17.530" classname="RedBus.Facebook"/>
  <testcase name="f1" time="1.220" classname="RedBus.Facebook"/>
</testsuite> <!-- RedBus.Facebook -->
