<?xml version="1.0" encoding="UTF-8"?>
<!-- Generated by org.testng.reporters.JUnitReportReporter -->
<testsuite hostname="kiruba-VAIO" name="testcase1.NakuriFileload" tests="1" failures="0" timestamp="23 Aug 2013 18:03:19 GMT" time="9.637" errors="0">
  <testcase name="f" time="9.637" classname="testcase1.NakuriFileload"/>
</testsuite> <!-- testcase1.NakuriFileload -->
