<?xml version="1.0" encoding="UTF-8"?>
<!-- Generated by org.testng.reporters.JUnitReportReporter -->
<testsuite hostname="kiruba-VAIO" name="testcase1.Tocountwindowid" tests="1" failures="0" timestamp="27 Aug 2013 05:04:09 GMT" time="27.293" errors="0">
  <testcase name="f" time="27.293" classname="testcase1.Tocountwindowid"/>
</testsuite> <!-- testcase1.Tocountwindowid -->
