<?xml version="1.0" encoding="UTF-8"?>
<!-- Generated by org.testng.reporters.JUnitReportReporter -->
<testsuite hostname="kiruba-VAIO" name="testcase1.FileUpload" tests="1" failures="0" timestamp="23 Aug 2013 19:24:39 GMT" time="17.647" errors="0">
  <testcase name="f" time="17.647" classname="testcase1.FileUpload"/>
</testsuite> <!-- testcase1.FileUpload -->
