<?xml version="1.0" encoding="UTF-8"?>
<!-- Generated by org.testng.reporters.JUnitReportReporter -->
<testsuite hostname="kiruba-VAIO" name="Com.Actitime.Com.Actitime.pagefactory.SamLogin" tests="1" failures="0" timestamp="1 Jun 2013 07:24:26 GMT" time="4.502" errors="0">
  <testcase name="Sampletest" time="4.502" classname="Com.Actitime.Com.Actitime.pagefactory.SamLogin"/>
</testsuite> <!-- Com.Actitime.Com.Actitime.pagefactory.SamLogin -->
