<?xml version="1.0" encoding="UTF-8"?>
<!-- Generated by org.testng.reporters.JUnitReportReporter -->
<testsuite hostname="kiruba-VAIO" name="RedBus.Test1" tests="1" failures="0" timestamp="9 Jun 2013 17:41:11 GMT" time="83.645" errors="0">
  <testcase name="testCase1" time="83.645" classname="RedBus.Test1"/>
</testsuite> <!-- RedBus.Test1 -->
