<?xml version="1.0" encoding="UTF-8"?>
<!-- Generated by org.testng.reporters.JUnitReportReporter -->
<testsuite hostname="kiruba-VAIO" name="AvaticsTestcases.Ecommercetest1" tests="1" failures="0" timestamp="8 Jun 2013 09:31:32 GMT" time="5.731" errors="0">
  <testcase name="com" time="5.731" classname="AvaticsTestcases.Ecommercetest1"/>
</testsuite> <!-- AvaticsTestcases.Ecommercetest1 -->
