<?xml version="1.0" encoding="UTF-8"?>
<!-- Generated by org.testng.reporters.JUnitReportReporter -->
<testsuite hostname="kiruba-VAIO" name="Frameselenium.Test9" tests="2" failures="0" timestamp="24 May 2013 09:07:07 GMT" time="0.016" errors="0">
  <testcase name="createcustomertest" time="0.000" classname="Frameselenium.Test9"/>
  <testcase name="logintest" time="0.016" classname="Frameselenium.Test9"/>
</testsuite> <!-- Frameselenium.Test9 -->
