<?xml version="1.0" encoding="UTF-8"?>
<!-- Generated by org.testng.reporters.JUnitReportReporter -->
<testsuite hostname="kiruba-VAIO" name="Frameselenium.NewTest" tests="1" failures="0" timestamp="24 May 2013 15:40:18 GMT" time="0.016" errors="0">
  <testcase name="f" time="0.016" classname="Frameselenium.NewTest"/>
</testsuite> <!-- Frameselenium.NewTest -->
