<?xml version="1.0" encoding="UTF-8"?>
<!-- Generated by org.testng.reporters.JUnitReportReporter -->
<testsuite hostname="kiruba-VAIO" name="Frameselenium.Test7" tests="1" failures="0" timestamp="24 May 2013 09:01:50 GMT" time="0.031" errors="0">
  <testcase name="firsttest" time="0.031" classname="Frameselenium.Test7"/>
</testsuite> <!-- Frameselenium.Test7 -->
