<?xml version="1.0" encoding="UTF-8"?>
<!-- Generated by org.testng.reporters.JUnitReportReporter -->
<testsuite hostname="kiruba-VAIO" name="Frameselenium.Test1" tests="1" failures="0" timestamp="23 May 2013 19:39:48 GMT" time="0.000" errors="0">
  <testcase name="firsttest" time="0.000" classname="Frameselenium.Test1"/>
</testsuite> <!-- Frameselenium.Test1 -->
