<?xml version="1.0" encoding="UTF-8"?>
<!-- Generated by org.testng.reporters.JUnitReportReporter -->
<testsuite hostname="kiruba-VAIO" name="Frameselenium.Test2" tests="2" failures="0" timestamp="23 May 2013 19:39:48 GMT" time="0.000" errors="0">
  <testcase name="myfristtest" time="0.000" classname="Frameselenium.Test2"/>
  <testcase name="mysecondtest" time="0.000" classname="Frameselenium.Test2"/>
</testsuite> <!-- Frameselenium.Test2 -->
