<?xml version="1.0" encoding="UTF-8"?>
<!-- Generated by org.testng.reporters.JUnitReportReporter -->
<testsuite hostname="kiruba-VAIO" name="Frameselenium.Test6" tests="2" failures="0" timestamp="24 May 2013 08:40:48 GMT" time="0.016" errors="0">
  <testcase name="fourthtest" time="0.000" classname="Frameselenium.Test6"/>
  <testcase name="thridtest" time="0.016" classname="Frameselenium.Test6"/>
</testsuite> <!-- Frameselenium.Test6 -->
