<?xml version="1.0" encoding="UTF-8"?>
<!-- Generated by org.testng.reporters.JUnitReportReporter -->
<testsuite hostname="kiruba-VAIO" name="Frameselenium.Run1" tests="1" failures="0" timestamp="1 Jun 2013 07:33:11 GMT" time="0.030" errors="0">
  <testcase name="kiru1" time="0.030" classname="Frameselenium.Run1"/>
</testsuite> <!-- Frameselenium.Run1 -->
