<?xml version="1.0" encoding="UTF-8"?>
<!-- Generated by org.testng.reporters.JUnitReportReporter -->
<testsuite hostname="kiruba-VAIO" name="Frameselenium.Test3" tests="2" failures="0" timestamp="23 May 2013 19:39:48 GMT" time="0.047" errors="0">
  <testcase name="testcase2" time="0.031" classname="Frameselenium.Test3"/>
  <testcase name="testcase1" time="0.016" classname="Frameselenium.Test3"/>
</testsuite> <!-- Frameselenium.Test3 -->
