<?xml version="1.0" encoding="UTF-8"?>
<!-- Generated by org.testng.reporters.JUnitReportReporter -->
<testsuite hostname="kiruba-VAIO" name="Frameselenium.Test8" tests="1" failures="0" timestamp="24 May 2013 09:01:50 GMT" time="0.000" errors="0">
  <testcase name="thridtest" time="0.000" classname="Frameselenium.Test8"/>
</testsuite> <!-- Frameselenium.Test8 -->
