<?xml version="1.0" encoding="UTF-8"?>
<!-- Generated by org.testng.reporters.JUnitReportReporter -->
<testsuite hostname="kiruba-VAIO" name="Pratice.NewTest" tests="1" failures="0" timestamp="19 Jun 2013 12:33:48 GMT" time="16.458" errors="0">
  <testcase name="f" time="16.458" classname="Pratice.NewTest"/>
</testsuite> <!-- Pratice.NewTest -->
