<?xml version="1.0" encoding="UTF-8"?>
<!-- Generated by org.testng.reporters.JUnitReportReporter -->
<testsuite hostname="kiruba-VAIO" name="Frameselenium.Test5" tests="2" failures="0" timestamp="24 May 2013 08:40:48 GMT" time="0.046" errors="0">
  <testcase name="mysecond" time="0.000" classname="Frameselenium.Test5"/>
  <testcase name="myfirst" time="0.046" classname="Frameselenium.Test5"/>
</testsuite> <!-- Frameselenium.Test5 -->
