<?xml version="1.0" encoding="UTF-8"?>
<!-- Generated by org.testng.reporters.JUnitReportReporter -->
<testsuite hostname="kiruba-VAIO" name="Frameselenium.Test4" tests="1" failures="0" timestamp="23 May 2013 19:40:40 GMT" time="0.031" errors="0">
  <testcase name="f" time="0.031" classname="Frameselenium.Test4"/>
</testsuite> <!-- Frameselenium.Test4 -->
