<?xml version="1.0" encoding="UTF-8"?>
<!-- Generated by org.testng.reporters.JUnitReportReporter -->
<testsuite hostname="kiruba-VAIO" name="com.crm.testcase.NewTest" tests="1" failures="0" timestamp="27 Jun 2013 17:33:16 GMT" time="10.704" errors="0">
  <testcase name="f" time="10.704" classname="com.crm.testcase.NewTest"/>
</testsuite> <!-- com.crm.testcase.NewTest -->
