<?xml version="1.0" encoding="UTF-8"?>
<!-- Generated by org.testng.reporters.JUnitReportReporter -->
<testsuite hostname="kiruba-VAIO" name="com.crm.testcase.FristTest" tests="1" failures="0" timestamp="21 Jun 2013 07:59:12 GMT" time="25.225" errors="0">
  <testcase name="firsttest" time="25.225" classname="com.crm.testcase.FristTest"/>
</testsuite> <!-- com.crm.testcase.FristTest -->
