<?xml version="1.0" encoding="UTF-8"?>
<!-- Generated by org.testng.reporters.JUnitReportReporter -->
<testsuite skipped="0" hostname="KirubanandR" name="com.seleniumtesting.automationtesting.Login" tests="1" failures="0" timestamp="02 Sep 2017 15:21:29 GMT" time="26.608" errors="0">
  <testcase name="f" time="26.608" classname="com.seleniumtesting.automationtesting.Login"/>
</testsuite> <!-- com.seleniumtesting.automationtesting.Login -->
