<?xml version="1.0" encoding="UTF-8"?>
<!-- Generated by org.testng.reporters.JUnitReportReporter -->
<testsuite skipped="0" hostname="KirubanandR" name="BasicWebdriverCommands.Actionsclass" tests="1" failures="0" timestamp="15 Aug 2017 15:50:40 GMT" time="43.491" errors="0">
  <testcase name="mouseover" time="43.491" classname="BasicWebdriverCommands.Actionsclass"/>
</testsuite> <!-- BasicWebdriverCommands.Actionsclass -->
