<?xml version="1.0" encoding="UTF-8"?>
<!-- Generated by org.testng.reporters.JUnitReportReporter -->
<testsuite skipped="0" hostname="KirubanandR" name="BasicWebdriverCommands.TakingScreenShot" tests="1" failures="0" timestamp="16 Aug 2017 12:58:53 GMT" time="74.082" errors="0">
  <testcase name="f" time="74.082" classname="BasicWebdriverCommands.TakingScreenShot"/>
</testsuite> <!-- BasicWebdriverCommands.TakingScreenShot -->
