<?xml version="1.0" encoding="UTF-8"?>
<!-- Generated by org.testng.reporters.JUnitReportReporter -->
<testsuite hostname="kiruba-VAIO" name="com.crm.testcase.NewTest" tests="1" failures="0" timestamp="29 Jun 2013 09:42:39 GMT" time="9.444" errors="0">
  <testcase name="f" time="9.444" classname="com.crm.testcase.NewTest"/>
</testsuite> <!-- com.crm.testcase.NewTest -->
