<?xml version="1.0" encoding="UTF-8"?>
<!-- Generated by org.testng.reporters.JUnitReportReporter -->
<testsuite hostname="kiruba-VAIO" name="com.crm.testcase.FristTest" tests="1" failures="0" timestamp="12 Jun 2013 12:58:37 GMT" time="13.132" errors="0">
  <testcase name="firsttest" time="13.132" classname="com.crm.testcase.FristTest"/>
</testsuite> <!-- com.crm.testcase.FristTest -->
