<?xml version="1.0" encoding="UTF-8"?>
<!-- Generated by org.testng.reporters.JUnitReportReporter -->
<testsuite hostname="kiruba-VAIO" name="com.actitime.log4j.Log44j" tests="1" failures="0" timestamp="8 Jun 2013 07:19:16 GMT" time="0.100" errors="0">
  <testcase name="f" time="0.100" classname="com.actitime.log4j.Log44j"/>
</testsuite> <!-- com.actitime.log4j.Log44j -->
