<?xml version="1.0" encoding="UTF-8"?>
<!-- Generated by org.testng.reporters.JUnitReportReporter -->
<testsuite hostname="kiruba-VAIO" name="com.Hdfc.recharge.Nakurifileupload" tests="1" failures="0" timestamp="28 Dec 2013 06:22:26 GMT" time="37.370" errors="0">
  <testcase name="f" time="37.370" classname="com.Hdfc.recharge.Nakurifileupload"/>
</testsuite> <!-- com.Hdfc.recharge.Nakurifileupload -->
