<?xml version="1.0" encoding="UTF-8"?>
<!-- Generated by org.testng.reporters.JUnitReportReporter -->
<testsuite hostname="kiruba-VAIO" name="Test1.NewTest" tests="1" failures="0" timestamp="7 Sep 2013 05:24:47 GMT" time="13.969" errors="0">
  <testcase name="f" time="13.969" classname="Test1.NewTest"/>
</testsuite> <!-- Test1.NewTest -->
