<?xml version="1.0" encoding="UTF-8"?>
<!-- Generated by org.testng.reporters.JUnitReportReporter -->
<testsuite hostname="KirubanandR" name="com.sample.test.SeleniumSample.SampleTest" tests="3" failures="0" timestamp="7 Oct 2017 15:56:04 GMT" time="0.030" errors="0">
  <testcase name="test02" time="0.010" classname="com.sample.test.SeleniumSample.SampleTest"/>
  <testcase name="test03" time="0.000" classname="com.sample.test.SeleniumSample.SampleTest"/>
  <testcase name="test01" time="0.020" classname="com.sample.test.SeleniumSample.SampleTest"/>
</testsuite> <!-- com.sample.test.SeleniumSample.SampleTest -->
