<?xml version="1.0" encoding="UTF-8"?>
<!-- Generated by org.testng.reporters.JUnitReportReporter -->
<testsuite skipped="0" hostname="KirubanandR" name="Com.CPQ.Tests.Sample" tests="3" failures="0" timestamp="08 Sep 2017 12:34:25 GMT" time="184.243" errors="0">
  <testcase name="logintest" time="55.943" classname="Com.CPQ.Tests.Sample"/>
  <testcase name="logintest" time="62.625" classname="Com.CPQ.Tests.Sample"/>
  <testcase name="logintest" time="65.675" classname="Com.CPQ.Tests.Sample"/>
</testsuite> <!-- Com.CPQ.Tests.Sample -->
