<?xml version="1.0" encoding="UTF-8"?>
<!-- Generated by org.testng.reporters.JUnitReportReporter -->
<testsuite hostname="KirubanandR" name="Selenium.HomePage" tests="2" failures="0" timestamp="21 Jul 2017 12:25:47 GMT" time="30.897" errors="0">
  <testcase name="basePageNavigation" time="11.925" classname="Selenium.HomePage"/>
  <testcase name="basePageNavigation" time="18.972" classname="Selenium.HomePage"/>
</testsuite> <!-- Selenium.HomePage -->
