<?xml version="1.0" encoding="UTF-8"?>
<!-- Generated by org.testng.reporters.JUnitReportReporter -->
<testsuite hostname="KirubanandR" name="Selenium.validateNavigationBar" tests="1" failures="0" timestamp="21 Jul 2017 12:25:47 GMT" time="0.209" errors="0">
  <testcase name="validateAppNavBar" time="0.209" classname="Selenium.validateNavigationBar"/>
</testsuite> <!-- Selenium.validateNavigationBar -->
