<?xml version="1.0" encoding="UTF-8"?>
<!-- Generated by org.testng.reporters.JUnitReportReporter -->
<testsuite skipped="0" hostname="KirubanandR" name="com.testing.tesng.Sampletestng" tests="3" failures="0" timestamp="18 Jul 2017 06:47:38 GMT" time="0.008" errors="0">
  <testcase name="setData" time="0.005" classname="com.testing.tesng.Sampletestng"/>
  <testcase name="setData" time="0.002" classname="com.testing.tesng.Sampletestng"/>
  <testcase name="setData" time="0.001" classname="com.testing.tesng.Sampletestng"/>
</testsuite> <!-- com.testing.tesng.Sampletestng -->
