<?xml version="1.0" encoding="UTF-8"?>
<!-- Generated by org.testng.reporters.JUnitReportReporter -->
<testsuite hostname="kiruba-VAIO" name="FrameworkWebdriver.Run1" tests="2" failures="0" timestamp="30 May 2013 06:17:45 GMT" time="0.032" errors="0">
  <testcase name="secondtest" time="0.000" classname="FrameworkWebdriver.Run1"/>
  <testcase name="firsttest" time="0.032" classname="FrameworkWebdriver.Run1"/>
</testsuite> <!-- FrameworkWebdriver.Run1 -->
