<?xml version="1.0" encoding="UTF-8"?>
<!-- Generated by org.testng.reporters.JUnitReportReporter -->
<testsuite hostname="kiruba-VAIO" name="FrameworkWebdriver.Projecttest" tests="1" failures="0" timestamp="31 May 2013 05:15:36 GMT" time="35.318" errors="0">
  <testcase name="test1" time="35.318" classname="FrameworkWebdriver.Projecttest"/>
</testsuite> <!-- FrameworkWebdriver.Projecttest -->
