<?xml version="1.0" encoding="UTF-8"?>
<!-- Generated by org.testng.reporters.JUnitReportReporter -->
<testsuite hostname="kiruba-VAIO" name="FrameworkWebdriver.Run2" tests="2" failures="0" timestamp="30 May 2013 06:17:45 GMT" time="0.000" errors="0">
  <testcase name="thirdtest" time="0.000" classname="FrameworkWebdriver.Run2"/>
  <testcase name="fourthtest" time="0.000" classname="FrameworkWebdriver.Run2"/>
</testsuite> <!-- FrameworkWebdriver.Run2 -->
