<?xml version="1.0" encoding="UTF-8"?>
<!-- Generated by org.testng.reporters.JUnitReportReporter -->
<testsuite hostname="kiruba-VAIO" name="com.stepper.testase.Testsuite3" tests="2" failures="0" timestamp="25 Feb 2014 18:55:26 GMT" time="0.020" errors="0">
  <testcase name="testcase1" time="0.010" classname="com.stepper.testase.Testsuite3"/>
  <testcase name="testcase12" time="0.010" classname="com.stepper.testase.Testsuite3"/>
</testsuite> <!-- com.stepper.testase.Testsuite3 -->
