<?xml version="1.0" encoding="UTF-8"?>
<!-- Generated by org.testng.reporters.JUnitReportReporter -->
<testsuite hostname="kiruba-VAIO" name="com.stepper.testase.Testsuit1" tests="1" failures="0" timestamp="23 Jul 2013 14:19:06 GMT" time="50.565" errors="0">
  <testcase name="test1" time="50.565" classname="com.stepper.testase.Testsuit1"/>
</testsuite> <!-- com.stepper.testase.Testsuit1 -->
