<?xml version="1.0" encoding="UTF-8"?>
<!-- Generated by org.testng.reporters.JUnitReportReporter -->
<testsuite hostname="kiruba-VAIO" name="com.stepper.testase.Testsuit2" tests="1" failures="0" timestamp="23 Jul 2013 19:48:15 GMT" time="17.150" errors="0">
  <testcase name="f" time="17.150" classname="com.stepper.testase.Testsuit2"/>
</testsuite> <!-- com.stepper.testase.Testsuit2 -->
