<?xml version="1.0" encoding="UTF-8"?>
<!-- Generated by org.testng.reporters.JUnitReportReporter -->
<testsuite skipped="0" hostname="KirubanandR" name="FrameworkSample.Sampleone" tests="1" failures="0" timestamp="19 Jul 2017 18:13:15 GMT" time="16.581" errors="0">
  <testcase name="Login" time="16.581" classname="FrameworkSample.Sampleone"/>
</testsuite> <!-- FrameworkSample.Sampleone -->
