<?xml version="1.0" encoding="UTF-8"?>
<!-- Generated by org.testng.reporters.JUnitReportReporter -->
<testsuite skipped="0" hostname="KirubanandR" name="com.testng.sample.Sample1" tests="1" failures="0" timestamp="19 Jul 2017 14:21:30 GMT" time="0.001" errors="0">
  <testcase name="login" time="0.001" classname="com.testng.sample.Sample1"/>
</testsuite> <!-- com.testng.sample.Sample1 -->
