<?xml version="1.0" encoding="UTF-8"?>
<!-- Generated by org.testng.reporters.JUnitReportReporter -->
<testsuite skipped="0" hostname="KirubanandR" name="datadriven.datadriventest" tests="1" failures="0" timestamp="19 Jul 2017 15:08:19 GMT" time="0.015" errors="0">
  <testcase name="f" time="0.015" classname="datadriven.datadriventest"/>
</testsuite> <!-- datadriven.datadriventest -->
