<?xml version="1.0" encoding="UTF-8"?>
<!-- Generated by org.testng.reporters.JUnitReportReporter -->
<testsuite skipped="0" hostname="KirubanandR" name="com.testng.sample.Sample2" tests="2" failures="0" timestamp="19 Jul 2017 14:04:38 GMT" time="0.016" errors="0">
  <testcase name="loginprod" time="0.003" classname="com.testng.sample.Sample2"/>
  <testcase name="login" time="0.013" classname="com.testng.sample.Sample2"/>
</testsuite> <!-- com.testng.sample.Sample2 -->
