<?xml version="1.0" encoding="UTF-8"?>
<!-- Generated by org.testng.reporters.JUnitReportReporter -->
<testsuite skipped="0" hostname="KirubanandR" name="com.testng.sample.toGetDropDownValues" tests="1" failures="0" timestamp="26 Jul 2017 12:56:31 GMT" time="94.737" errors="0">
  <testcase name="loginsalesforceapp" time="94.737" classname="com.testng.sample.toGetDropDownValues"/>
</testsuite> <!-- com.testng.sample.toGetDropDownValues -->
