<?xml version="1.0" encoding="UTF-8"?>
<!-- Generated by org.testng.reporters.JUnitReportReporter -->
<testsuite skipped="1" hostname="KirubanandR" name="com.testng.sample.Prioritytestcase" tests="2" failures="0" timestamp="19 Jul 2017 14:21:29 GMT" time="0.012" errors="0">
  <testcase name="openbrowser" time="0.012" classname="com.testng.sample.Prioritytestcase"/>
  <testcase name="excludetestcase" classname="com.testng.sample.Prioritytestcase">
    <skipped/>
  </testcase> <!-- excludetestcase -->
</testsuite> <!-- com.testng.sample.Prioritytestcase -->
