<?xml version="1.0" encoding="UTF-8"?>
<!-- Generated by org.testng.reporters.JUnitReportReporter -->
<testsuite hostname="kiruba-VAIO" name="FrameworkWebdriver.Customertest" tests="1" failures="0" timestamp="31 May 2013 05:22:17 GMT" time="24.026" errors="0">
  <testcase name="test2" time="24.026" classname="FrameworkWebdriver.Customertest"/>
</testsuite> <!-- FrameworkWebdriver.Customertest -->
